|- Node(time_in_roi : 53138178.0)
  |- Node(at::Tensor at::CPUType::{anonymous}::add(const at::Tensor&, const at::Tensor&, c10::Scalar) : 24435.0)
    |- Node(at::Tensor at::CPUType::{anonymous}::empty(c10::IntArrayRef, const c10::TensorOptions&, c10::optional<c10::MemoryFormat>) : 36.0)
    |- Node(at::native::add_stub::add_stub() : 24275.0)
  |- Node(at::Tensor at::CPUType::{anonymous}::addmm(const at::Tensor&, const at::Tensor&, const at::Tensor&, c10::Scalar, c10::Scalar) : 849.0)
    |- Node(at::Tensor at::native::legacy::cpu::_th_addmm(const at::Tensor&, const at::Tensor&, const at::Tensor&, c10::Scalar, c10::Scalar) : 832.0)
      |- Node(at::Tensor at::TypeDefault::expand(const at::Tensor&, c10::IntArrayRef, bool) : 81.0)
        |- Node(at::Tensor at::CPUType::{anonymous}::as_strided(const at::Tensor&, c10::IntArrayRef, c10::IntArrayRef, c10::optional<long int>) : 9.0)
      |- Node(at::Tensor at::native::legacy::cpu::s__th_addmm(const at::Tensor&, const at::Tensor&, const at::Tensor&, c10::Scalar, c10::Scalar) : 647.0)
        |- Node(at::native::copy_stub::copy_stub() : 66.0)
        |- Node(int64_t at::TypeDefault::stride(const at::Tensor&, int64_t) : 7.0)
      |- Node(int64_t at::TypeDefault::size(const at::Tensor&, int64_t) : 1.0)
  |- Node(at::Tensor at::CPUType::{anonymous}::clone(const at::Tensor&, c10::optional<c10::MemoryFormat>) : 3932.0)
    |- Node(at::Tensor at::TypeDefault::empty_like(const at::Tensor&, const c10::TensorOptions&, c10::optional<c10::MemoryFormat>) : 945.0)
      |- Node(at::Tensor at::CPUType::{anonymous}::empty(c10::IntArrayRef, const c10::TensorOptions&, c10::optional<c10::MemoryFormat>) : 450.0)
    |- Node(at::Tensor& at::TypeDefault::copy_(at::Tensor&, const at::Tensor&, bool) : 1838.0)
      |- Node(at::native::copy_stub::copy_stub() : 1126.0)
  |- Node(at::Tensor at::CPUType::{anonymous}::div(const at::Tensor&, const at::Tensor&) : 6746.0)
    |- Node(at::Tensor at::CPUType::{anonymous}::empty(c10::IntArrayRef, const c10::TensorOptions&, c10::optional<c10::MemoryFormat>) : 420.0)
    |- Node(at::Tensor at::TypeDefault::to(const at::Tensor&, c10::ScalarType, bool, bool, c10::optional<c10::MemoryFormat>) : 2229.0)
      |- Node(at::Tensor at::CPUType::{anonymous}::empty(c10::IntArrayRef, const c10::TensorOptions&, c10::optional<c10::MemoryFormat>) : 357.0)
      |- Node(at::Tensor& at::TypeDefault::copy_(at::Tensor&, const at::Tensor&, bool) : 885.0)
        |- Node(at::native::copy_stub::copy_stub() : 221.0)
    |- Node(at::native::div_stub::div_stub() : 1749.0)
  |- Node(at::Tensor at::CPUType::{anonymous}::empty(c10::IntArrayRef, const c10::TensorOptions&, c10::optional<c10::MemoryFormat>) : 1745.0)
  |- Node(at::Tensor at::CPUType::{anonymous}::eq(const at::Tensor&, const at::Tensor&) : 219.0)
    |- Node(at::Tensor at::CPUType::{anonymous}::empty(c10::IntArrayRef, const c10::TensorOptions&, c10::optional<c10::MemoryFormat>) : 22.0)
    |- Node(at::Tensor& at::CPUType::{anonymous}::eq_out(at::Tensor&, const at::Tensor&, const at::Tensor&) : 108.0)
      |- Node(at::Tensor& at::CPUType::{anonymous}::resize_(at::Tensor&, c10::IntArrayRef, c10::optional<c10::MemoryFormat>) : 7.0)
      |- Node(at::native::eq_stub::eq_stub() : 50.0)
  |- Node(at::Tensor at::CPUType::{anonymous}::view(const at::Tensor&, c10::IntArrayRef) : 1834.0)
    |- Node(at::Tensor at::TypeDefault::alias(const at::Tensor&) : 323.0)
    |- Node(at::Tensor& at::CPUType::{anonymous}::set_(at::Tensor&, c10::Storage, int64_t, c10::IntArrayRef, c10::IntArrayRef) : 388.0)
      |- Node(at::Tensor& at::native::legacy::cpu::_th_set_(at::Tensor&, c10::Storage, int64_t, c10::IntArrayRef, c10::IntArrayRef) : 132.0)
  |- Node(at::Tensor at::TypeDefault::batch_norm(const at::Tensor&, const at::Tensor&, const at::Tensor&, const at::Tensor&, const at::Tensor&, bool, double, double, bool) : 66864.0)
    |- Node(std::tuple<at::Tensor, at::Tensor, at::Tensor, at::Tensor, long int> at::TypeDefault::_batch_norm_impl_index(const at::Tensor&, const at::Tensor&, const at::Tensor&, const at::Tensor&, const at::Tensor&, bool, double, double, bool) : 66175.0)
      |- Node(at::Tensor at::CPUType::{anonymous}::empty(c10::IntArrayRef, const c10::TensorOptions&, c10::optional<c10::MemoryFormat>) : 186.0)
      |- Node(std::tuple<at::Tensor, at::Tensor, at::Tensor> at::CPUType::{anonymous}::native_batch_norm(const at::Tensor&, const at::Tensor&, const at::Tensor&, const at::Tensor&, const at::Tensor&, bool, double, double) : 64765.0)
        |- Node(at::Tensor at::TypeDefault::empty_like(const at::Tensor&, c10::optional<c10::MemoryFormat>) : 723.0)
          |- Node(at::Tensor at::CPUType::{anonymous}::empty(c10::IntArrayRef, const c10::TensorOptions&, c10::optional<c10::MemoryFormat>) : 318.0)
        |- Node(int64_t at::TypeDefault::size(const at::Tensor&, int64_t) : 17.0)
  |- Node(at::Tensor at::TypeDefault::contiguous(const at::Tensor&, c10::MemoryFormat) : 8992.0)
    |- Node(at::Tensor at::TypeDefault::empty_like(const at::Tensor&, const c10::TensorOptions&, c10::optional<c10::MemoryFormat>) : 1091.0)
      |- Node(at::Tensor at::CPUType::{anonymous}::empty(c10::IntArrayRef, const c10::TensorOptions&, c10::optional<c10::MemoryFormat>) : 456.0)
    |- Node(at::Tensor& at::TypeDefault::copy_(at::Tensor&, const at::Tensor&, bool) : 6547.0)
      |- Node(at::native::copy_stub::copy_stub() : 5598.0)
  |- Node(at::Tensor at::TypeDefault::conv2d(const at::Tensor&, const at::Tensor&, const at::Tensor&, c10::IntArrayRef, c10::IntArrayRef, c10::IntArrayRef, int64_t) : 52635588.0)
    |- Node(at::Tensor at::TypeDefault::convolution(const at::Tensor&, const at::Tensor&, const at::Tensor&, c10::IntArrayRef, c10::IntArrayRef, c10::IntArrayRef, bool, c10::IntArrayRef, int64_t) : 52635282.0)
      |- Node(at::Tensor at::TypeDefault::_convolution(const at::Tensor&, const at::Tensor&, const at::Tensor&, c10::IntArrayRef, c10::IntArrayRef, c10::IntArrayRef, bool, c10::IntArrayRef, int64_t, bool, bool, bool) : 52635012.0)
        |- Node(at::Tensor at::TypeDefault::_convolution_nogroup(const at::Tensor&, const at::Tensor&, const at::Tensor&, c10::IntArrayRef, c10::IntArrayRef, c10::IntArrayRef, bool, c10::IntArrayRef) : 52633811.0)
          |- Node(at::Tensor at::TypeDefault::thnn_conv2d(const at::Tensor&, const at::Tensor&, c10::IntArrayRef, const at::Tensor&, c10::IntArrayRef, c10::IntArrayRef) : 52633450.0)
            |- Node(std::tuple<at::Tensor, at::Tensor, at::Tensor> at::CPUType::{anonymous}::thnn_conv2d_forward(const at::Tensor&, const at::Tensor&, c10::IntArrayRef, const at::Tensor&, c10::IntArrayRef, c10::IntArrayRef) : 52632643.0)
              |- Node(at::Tensor at::CPUType::{anonymous}::empty(c10::IntArrayRef, const c10::TensorOptions&, c10::optional<c10::MemoryFormat>) : 187.0)
              |- Node(at::Tensor at::CPUType::{anonymous}::view(const at::Tensor&, c10::IntArrayRef) : 661.0)
                |- Node(at::Tensor at::TypeDefault::alias(const at::Tensor&) : 76.0)
                |- Node(at::Tensor& at::CPUType::{anonymous}::set_(at::Tensor&, c10::Storage, int64_t, c10::IntArrayRef, c10::IntArrayRef) : 208.0)
                  |- Node(at::Tensor& at::native::legacy::cpu::_th_set_(at::Tensor&, c10::Storage, int64_t, c10::IntArrayRef, c10::IntArrayRef) : 51.0)
              |- Node(at::Tensor at::TypeDefault::contiguous(const at::Tensor&, c10::MemoryFormat) : 38.0)
              |- Node(at::Tensor at::TypeDefault::reshape(const at::Tensor&, c10::IntArrayRef) : 25975.0)
                |- Node(at::Tensor at::CPUType::{anonymous}::view(const at::Tensor&, c10::IntArrayRef) : 19383.0)
                  |- Node(at::Tensor at::TypeDefault::alias(const at::Tensor&) : 2428.0)
                  |- Node(at::Tensor& at::CPUType::{anonymous}::set_(at::Tensor&, c10::Storage, int64_t, c10::IntArrayRef, c10::IntArrayRef) : 5546.0)
                    |- Node(at::Tensor& at::native::legacy::cpu::_th_set_(at::Tensor&, c10::Storage, int64_t, c10::IntArrayRef, c10::IntArrayRef) : 1324.0)
              |- Node(at::Tensor at::TypeDefault::select(const at::Tensor&, int64_t, int64_t) : 5851541.0)
                |- Node(at::Tensor at::CPUType::{anonymous}::as_strided(const at::Tensor&, c10::IntArrayRef, c10::IntArrayRef, c10::optional<long int>) : 657652.0)
                |- Node(int64_t at::TypeDefault::size(const at::Tensor&, int64_t) : 137137.0)
              |- Node(at::Tensor& at::CPUType::{anonymous}::addmm_(at::Tensor&, const at::Tensor&, const at::Tensor&, c10::Scalar, c10::Scalar) : 38724099.0)
                |- Node(at::Tensor& at::native::legacy::cpu::_th_addmm_(at::Tensor&, const at::Tensor&, const at::Tensor&, c10::Scalar, c10::Scalar) : 38717859.0)
              |- Node(at::Tensor& at::CPUType::{anonymous}::resize_(at::Tensor&, c10::IntArrayRef, c10::optional<c10::MemoryFormat>) : 145.0)
              |- Node(at::Tensor& at::TypeDefault::fill_(at::Tensor&, c10::Scalar) : 2022764.0)
                |- Node(at::native::fill_stub::fill_stub() : 394576.0)
              |- Node(at::native::unfolded2d_copy_stub::unfolded2d_copy_stub() : 172894.0)
              |- Node(c10::Scalar at::TypeDefault::item(const at::Tensor&) : 1443246.0)
                |- Node(c10::Scalar at::CPUType::{anonymous}::_local_scalar_dense(const at::Tensor&) : 201749.0)
              |- Node(int64_t at::TypeDefault::size(const at::Tensor&, int64_t) : 114.0)
        |- Node(at::Tensor at::TypeDefault::contiguous(const at::Tensor&, c10::MemoryFormat) : 27.0)
        |- Node(int64_t at::TypeDefault::size(const at::Tensor&, int64_t) : 38.0)
  |- Node(at::Tensor at::TypeDefault::flatten(const at::Tensor&, int64_t, int64_t) : 194.0)
    |- Node(at::Tensor at::TypeDefault::reshape(const at::Tensor&, c10::IntArrayRef) : 127.0)
      |- Node(at::Tensor at::CPUType::{anonymous}::view(const at::Tensor&, c10::IntArrayRef) : 54.0)
        |- Node(at::Tensor at::TypeDefault::alias(const at::Tensor&) : 9.0)
        |- Node(at::Tensor& at::CPUType::{anonymous}::set_(at::Tensor&, c10::Storage, int64_t, c10::IntArrayRef, c10::IntArrayRef) : 15.0)
          |- Node(at::Tensor& at::native::legacy::cpu::_th_set_(at::Tensor&, c10::Storage, int64_t, c10::IntArrayRef, c10::IntArrayRef) : 5.0)
    |- Node(int64_t at::TypeDefault::size(const at::Tensor&, int64_t) : 1.0)
  |- Node(at::Tensor at::TypeDefault::log_softmax(const at::Tensor&, int64_t, c10::optional<c10::ScalarType>) : 245.0)
    |- Node(at::Tensor at::CPUType::{anonymous}::_log_softmax(const at::Tensor&, int64_t, bool) : 170.0)
      |- Node(at::Tensor at::CPUType::{anonymous}::empty(c10::IntArrayRef, const c10::TensorOptions&, c10::optional<c10::MemoryFormat>) : 14.0)
      |- Node(at::Tensor at::TypeDefault::contiguous(const at::Tensor&, c10::MemoryFormat) : 1.0)
      |- Node(at::native::log_softmax_lastdim_kernel::log_softmax_lastdim_kernel() : 92.0)
        |- Node(int64_t at::TypeDefault::size(const at::Tensor&, int64_t) : 2.0)
  |- Node(at::Tensor at::TypeDefault::max_pool2d(const at::Tensor&, c10::IntArrayRef, c10::IntArrayRef, c10::IntArrayRef, c10::IntArrayRef, bool) : 116328.0)
    |- Node(std::tuple<at::Tensor, at::Tensor> at::CPUType::{anonymous}::max_pool2d_with_indices(const at::Tensor&, c10::IntArrayRef, c10::IntArrayRef, c10::IntArrayRef, c10::IntArrayRef, bool) : 115978.0)
      |- Node(at::Tensor at::CPUType::{anonymous}::empty(c10::IntArrayRef, const c10::TensorOptions&, c10::optional<c10::MemoryFormat>) : 78.0)
      |- Node(at::Tensor at::TypeDefault::contiguous(const at::Tensor&, c10::MemoryFormat) : 11.0)
      |- Node(at::Tensor& at::CPUType::{anonymous}::resize_(at::Tensor&, c10::IntArrayRef, c10::optional<c10::MemoryFormat>) : 83.0)
      |- Node(int64_t at::TypeDefault::size(const at::Tensor&, int64_t) : 14.0)
  |- Node(at::Tensor at::TypeDefault::nll_loss(const at::Tensor&, const at::Tensor&, const at::Tensor&, int64_t, int64_t) : 299.0)
    |- Node(std::tuple<at::Tensor, at::Tensor> at::CPUType::{anonymous}::nll_loss_forward(const at::Tensor&, const at::Tensor&, const at::Tensor&, int64_t, int64_t) : 187.0)
      |- Node(at::Tensor at::CPUType::{anonymous}::empty(c10::IntArrayRef, const c10::TensorOptions&, c10::optional<c10::MemoryFormat>) : 18.0)
      |- Node(at::Tensor at::TypeDefault::contiguous(const at::Tensor&, c10::MemoryFormat) : 3.0)
      |- Node(at::Tensor& at::CPUType::{anonymous}::resize_(at::Tensor&, c10::IntArrayRef, c10::optional<c10::MemoryFormat>) : 9.0)
      |- Node(int64_t at::TypeDefault::size(const at::Tensor&, int64_t) : 3.0)
  |- Node(at::Tensor at::TypeDefault::slice(const at::Tensor&, int64_t, int64_t, int64_t, int64_t) : 1845.0)
    |- Node(at::Tensor at::CPUType::{anonymous}::as_strided(const at::Tensor&, c10::IntArrayRef, c10::IntArrayRef, c10::optional<long int>) : 488.0)
  |- Node(at::Tensor at::TypeDefault::stack(at::TensorList, int64_t) : 1177.0)
    |- Node(at::Tensor at::TypeDefault::cat(at::TensorList, int64_t) : 254.0)
      |- Node(at::Tensor at::CPUType::{anonymous}::_cat(at::TensorList, int64_t) : 211.0)
        |- Node(at::Tensor at::native::legacy::cpu::_th_cat(at::TensorList, int64_t) : 192.0)
    |- Node(at::Tensor at::TypeDefault::unsqueeze(const at::Tensor&, int64_t) : 623.0)
      |- Node(at::Tensor at::CPUType::{anonymous}::as_strided(const at::Tensor&, c10::IntArrayRef, c10::IntArrayRef, c10::optional<long int>) : 137.0)
  |- Node(at::Tensor at::TypeDefault::sum(const at::Tensor&, c10::optional<c10::ScalarType>) : 298.0)
    |- Node(at::Tensor at::CPUType::{anonymous}::as_strided(const at::Tensor&, c10::IntArrayRef, c10::IntArrayRef, c10::optional<long int>) : 5.0)
    |- Node(at::Tensor at::CPUType::{anonymous}::empty(c10::IntArrayRef, const c10::TensorOptions&, c10::optional<c10::MemoryFormat>) : 12.0)
    |- Node(at::Tensor at::TypeDefault::to(const at::Tensor&, c10::ScalarType, bool, bool, c10::optional<c10::MemoryFormat>) : 99.0)
      |- Node(at::Tensor at::CPUType::{anonymous}::empty(c10::IntArrayRef, const c10::TensorOptions&, c10::optional<c10::MemoryFormat>) : 8.0)
      |- Node(at::Tensor& at::TypeDefault::copy_(at::Tensor&, const at::Tensor&, bool) : 58.0)
        |- Node(at::native::copy_stub::copy_stub() : 35.0)
    |- Node(at::native::sum_stub::sum_stub() : 55.0)
      |- Node(at::Tensor& at::TypeDefault::fill_(at::Tensor&, c10::Scalar) : 4.0)
  |- Node(at::Tensor at::TypeDefault::t(const at::Tensor&) : 55.0)
    |- Node(at::Tensor at::TypeDefault::transpose(const at::Tensor&, int64_t, int64_t) : 30.0)
      |- Node(at::Tensor at::CPUType::{anonymous}::as_strided(const at::Tensor&, c10::IntArrayRef, c10::IntArrayRef, c10::optional<long int>) : 9.0)
  |- Node(at::Tensor at::TypeDefault::to(const at::Tensor&, c10::Device, c10::ScalarType, bool, bool, c10::optional<c10::MemoryFormat>) : 424.0)
  |- Node(at::Tensor at::TypeDefault::to(const at::Tensor&, c10::ScalarType, bool, bool, c10::optional<c10::MemoryFormat>) : 8950.0)
    |- Node(at::Tensor at::CPUType::{anonymous}::empty(c10::IntArrayRef, const c10::TensorOptions&, c10::optional<c10::MemoryFormat>) : 476.0)
    |- Node(at::Tensor& at::TypeDefault::copy_(at::Tensor&, const at::Tensor&, bool) : 6993.0)
      |- Node(at::native::copy_stub::copy_stub() : 6274.0)
  |- Node(at::Tensor at::TypeDefault::to(const at::Tensor&, const c10::TensorOptions&, bool, bool, c10::optional<c10::MemoryFormat>) : 31.0)
  |- Node(at::Tensor at::TypeDefault::transpose(const at::Tensor&, int64_t, int64_t) : 1965.0)
    |- Node(at::Tensor at::CPUType::{anonymous}::as_strided(const at::Tensor&, c10::IntArrayRef, c10::IntArrayRef, c10::optional<long int>) : 528.0)
  |- Node(at::Tensor at::TypeDefault::unsqueeze(const at::Tensor&, int64_t) : 4410.0)
    |- Node(at::Tensor at::CPUType::{anonymous}::as_strided(const at::Tensor&, c10::IntArrayRef, c10::IntArrayRef, c10::optional<long int>) : 792.0)
  |- Node(at::Tensor at::TypeDefault::view_as(const at::Tensor&, const at::Tensor&) : 99.0)
    |- Node(at::Tensor at::CPUType::{anonymous}::view(const at::Tensor&, c10::IntArrayRef) : 60.0)
      |- Node(at::Tensor at::TypeDefault::alias(const at::Tensor&) : 9.0)
      |- Node(at::Tensor& at::CPUType::{anonymous}::set_(at::Tensor&, c10::Storage, int64_t, c10::IntArrayRef, c10::IntArrayRef) : 18.0)
        |- Node(at::Tensor& at::native::legacy::cpu::_th_set_(at::Tensor&, c10::Storage, int64_t, c10::IntArrayRef, c10::IntArrayRef) : 9.0)
  |- Node(at::Tensor& at::CPUType::{anonymous}::div_(at::Tensor&, const at::Tensor&) : 2999.0)
    |- Node(at::native::div_stub::div_stub() : 1695.0)
  |- Node(at::Tensor& at::CPUType::{anonymous}::random_(at::Tensor&, at::Generator*) : 110.0)
    |- Node(at::Tensor& at::native::legacy::cpu::_th_random_(at::Tensor&, at::Generator*) : 19.0)
  |- Node(at::Tensor& at::CPUType::{anonymous}::relu_(at::Tensor&) : 189857.0)
    |- Node(at::Tensor& at::TypeDefault::threshold_(at::Tensor&, c10::Scalar, c10::Scalar) : 189568.0)
      |- Node(at::native::threshold_stub::threshold_stub() : 189230.0)
  |- Node(at::Tensor& at::CPUType::{anonymous}::set_(at::Tensor&, c10::Storage) : 1081.0)
    |- Node(at::Tensor& at::CPUType::{anonymous}::set_(at::Tensor&, c10::Storage, int64_t, c10::IntArrayRef, c10::IntArrayRef) : 581.0)
      |- Node(at::Tensor& at::native::legacy::cpu::_th_set_(at::Tensor&, c10::Storage, int64_t, c10::IntArrayRef, c10::IntArrayRef) : 280.0)
  |- Node(at::Tensor& at::CPUType::{anonymous}::sub_(at::Tensor&, const at::Tensor&, c10::Scalar) : 3316.0)
    |- Node(at::native::sub_stub::sub_stub() : 1909.0)
  |- Node(bool at::TypeDefault::is_complex(const at::Tensor&) : 8.0)
  |- Node(bool at::TypeDefault::is_floating_point(const at::Tensor&) : 23.0)
  |- Node(c10::Scalar at::TypeDefault::item(const at::Tensor&) : 139.0)
    |- Node(c10::Scalar at::CPUType::{anonymous}::_local_scalar_dense(const at::Tensor&) : 17.0)
  |- Node(int64_t at::TypeDefault::size(const at::Tensor&, int64_t) : 265.0)
  |- Node(std::tuple<at::Tensor, at::Tensor> at::TypeDefault::max(const at::Tensor&, int64_t, bool) : 361.0)
    |- Node(at::Tensor at::CPUType::{anonymous}::empty(c10::IntArrayRef, const c10::TensorOptions&, c10::optional<c10::MemoryFormat>) : 16.0)
    |- Node(at::Tensor& at::CPUType::{anonymous}::resize_(at::Tensor&, c10::IntArrayRef, c10::optional<c10::MemoryFormat>) : 11.0)
    |- Node(at::Tensor& at::TypeDefault::squeeze_(at::Tensor&, int64_t) : 102.0)
      |- Node(at::Tensor& at::TypeDefault::as_strided_(at::Tensor&, c10::IntArrayRef, c10::IntArrayRef, c10::optional<long int>) : 8.0)
    |- Node(at::native::max_kernel::max_kernel() : 59.0)
      |- Node(int64_t at::TypeDefault::size(const at::Tensor&, int64_t) : 1.0)
      |- Node(int64_t at::TypeDefault::stride(const at::Tensor&, int64_t) : 1.0)
  |- Node(other : 52495.0)
  